2017-06-22 19:24:29 - PHP Warning:  Division by zero in E:\aliyoyoPhp\alizhongchou\catalog\view\template\account\home.tpl on line 237
2017-06-22 19:24:29 - PHP Warning:  Division by zero in E:\aliyoyoPhp\alizhongchou\catalog\view\template\account\home.tpl on line 237
2017-06-22 19:24:29 - PHP Warning:  Division by zero in E:\aliyoyoPhp\alizhongchou\catalog\view\template\account\home.tpl on line 237
2017-06-22 19:24:29 - PHP Warning:  Division by zero in E:\aliyoyoPhp\alizhongchou\catalog\view\template\account\home.tpl on line 237
2017-06-22 19:24:29 - PHP Warning:  Division by zero in E:\aliyoyoPhp\alizhongchou\catalog\view\template\account\home.tpl on line 237
2017-06-22 19:24:29 - PHP Warning:  Division by zero in E:\aliyoyoPhp\alizhongchou\catalog\view\template\account\home.tpl on line 237
2017-06-22 19:24:29 - PHP Warning:  Division by zero in E:\aliyoyoPhp\alizhongchou\catalog\view\template\account\home.tpl on line 237
2017-06-22 19:24:29 - PHP Warning:  Division by zero in E:\aliyoyoPhp\alizhongchou\catalog\view\template\account\home.tpl on line 237
2017-06-22 19:24:29 - PHP Warning:  Division by zero in E:\aliyoyoPhp\alizhongchou\catalog\view\template\account\home.tpl on line 237
2017-06-22 19:24:29 - PHP Warning:  Division by zero in E:\aliyoyoPhp\alizhongchou\catalog\view\template\account\home.tpl on line 237
2017-06-22 19:24:29 - PHP Warning:  Division by zero in E:\aliyoyoPhp\alizhongchou\catalog\view\template\account\home.tpl on line 237
2017-06-22 19:24:29 - PHP Warning:  Division by zero in E:\aliyoyoPhp\alizhongchou\catalog\view\template\account\home.tpl on line 237
2017-06-22 19:24:29 - PHP Warning:  Division by zero in E:\aliyoyoPhp\alizhongchou\catalog\view\template\account\home.tpl on line 237
2017-06-22 19:24:29 - PHP Warning:  Division by zero in E:\aliyoyoPhp\alizhongchou\catalog\view\template\account\home.tpl on line 237
2017-06-22 19:24:29 - PHP Warning:  Division by zero in E:\aliyoyoPhp\alizhongchou\catalog\view\template\account\home.tpl on line 237
2017-06-22 19:24:29 - PHP Warning:  Division by zero in E:\aliyoyoPhp\alizhongchou\catalog\view\template\account\home.tpl on line 237
2017-06-22 19:24:29 - PHP Warning:  Division by zero in E:\aliyoyoPhp\alizhongchou\catalog\view\template\account\home.tpl on line 237
2017-06-22 19:24:29 - PHP Warning:  Division by zero in E:\aliyoyoPhp\alizhongchou\catalog\view\template\account\home.tpl on line 237
2017-06-22 19:24:29 - PHP Warning:  Division by zero in E:\aliyoyoPhp\alizhongchou\catalog\view\template\account\home.tpl on line 237
2017-06-22 19:24:29 - PHP Warning:  Division by zero in E:\aliyoyoPhp\alizhongchou\catalog\view\template\account\home.tpl on line 237
2017-06-22 19:24:29 - PHP Warning:  Division by zero in E:\aliyoyoPhp\alizhongchou\catalog\view\template\account\home.tpl on line 237
2017-06-22 19:24:29 - PHP Warning:  Division by zero in E:\aliyoyoPhp\alizhongchou\catalog\view\template\account\home.tpl on line 237
2017-06-22 19:24:29 - PHP Warning:  Division by zero in E:\aliyoyoPhp\alizhongchou\catalog\view\template\account\home.tpl on line 237
2017-06-22 19:24:29 - PHP Warning:  Division by zero in E:\aliyoyoPhp\alizhongchou\catalog\view\template\account\home.tpl on line 237
2017-06-22 19:24:29 - PHP Warning:  Division by zero in E:\aliyoyoPhp\alizhongchou\catalog\view\template\account\home.tpl on line 237
2017-06-22 19:24:29 - PHP Warning:  Division by zero in E:\aliyoyoPhp\alizhongchou\catalog\view\template\account\home.tpl on line 237
2017-06-22 19:24:36 - PHP Notice:  Undefined index: limit_backer_availability in E:\aliyoyoPhp\alizhongchou\catalog\view\template\crowdfunding\campaign.tpl on line 154
2017-06-22 19:24:46 - PHP Notice:  Undefined index: limit_backer_availability in E:\aliyoyoPhp\alizhongchou\catalog\view\template\crowdfunding\campaign.tpl on line 154
2017-06-22 19:26:18 - PHP Warning:  Division by zero in E:\aliyoyoPhp\alizhongchou\catalog\view\template\account\home.tpl on line 237
2017-06-22 19:26:18 - PHP Warning:  Division by zero in E:\aliyoyoPhp\alizhongchou\catalog\view\template\account\home.tpl on line 237
2017-06-22 19:26:18 - PHP Warning:  Division by zero in E:\aliyoyoPhp\alizhongchou\catalog\view\template\account\home.tpl on line 237
2017-06-22 19:26:18 - PHP Warning:  Division by zero in E:\aliyoyoPhp\alizhongchou\catalog\view\template\account\home.tpl on line 237
2017-06-22 19:26:18 - PHP Warning:  Division by zero in E:\aliyoyoPhp\alizhongchou\catalog\view\template\account\home.tpl on line 237
2017-06-22 19:26:18 - PHP Warning:  Division by zero in E:\aliyoyoPhp\alizhongchou\catalog\view\template\account\home.tpl on line 237
2017-06-22 19:26:18 - PHP Warning:  Division by zero in E:\aliyoyoPhp\alizhongchou\catalog\view\template\account\home.tpl on line 237
2017-06-22 19:26:18 - PHP Warning:  Division by zero in E:\aliyoyoPhp\alizhongchou\catalog\view\template\account\home.tpl on line 237
2017-06-22 19:26:18 - PHP Warning:  Division by zero in E:\aliyoyoPhp\alizhongchou\catalog\view\template\account\home.tpl on line 237
2017-06-22 19:26:18 - PHP Warning:  Division by zero in E:\aliyoyoPhp\alizhongchou\catalog\view\template\account\home.tpl on line 237
2017-06-22 19:26:18 - PHP Warning:  Division by zero in E:\aliyoyoPhp\alizhongchou\catalog\view\template\account\home.tpl on line 237
2017-06-22 19:26:18 - PHP Warning:  Division by zero in E:\aliyoyoPhp\alizhongchou\catalog\view\template\account\home.tpl on line 237
2017-06-22 19:26:18 - PHP Warning:  Division by zero in E:\aliyoyoPhp\alizhongchou\catalog\view\template\account\home.tpl on line 237
2017-06-22 19:26:18 - PHP Warning:  Division by zero in E:\aliyoyoPhp\alizhongchou\catalog\view\template\account\home.tpl on line 237
2017-06-22 19:26:18 - PHP Warning:  Division by zero in E:\aliyoyoPhp\alizhongchou\catalog\view\template\account\home.tpl on line 237
2017-06-22 19:26:18 - PHP Warning:  Division by zero in E:\aliyoyoPhp\alizhongchou\catalog\view\template\account\home.tpl on line 237
2017-06-22 19:26:18 - PHP Warning:  Division by zero in E:\aliyoyoPhp\alizhongchou\catalog\view\template\account\home.tpl on line 237
2017-06-22 19:26:18 - PHP Warning:  Division by zero in E:\aliyoyoPhp\alizhongchou\catalog\view\template\account\home.tpl on line 237
2017-06-22 19:26:18 - PHP Warning:  Division by zero in E:\aliyoyoPhp\alizhongchou\catalog\view\template\account\home.tpl on line 237
2017-06-22 19:26:18 - PHP Warning:  Division by zero in E:\aliyoyoPhp\alizhongchou\catalog\view\template\account\home.tpl on line 237
2017-06-22 19:26:18 - PHP Warning:  Division by zero in E:\aliyoyoPhp\alizhongchou\catalog\view\template\account\home.tpl on line 237
2017-06-22 19:26:18 - PHP Warning:  Division by zero in E:\aliyoyoPhp\alizhongchou\catalog\view\template\account\home.tpl on line 237
2017-06-22 19:26:18 - PHP Warning:  Division by zero in E:\aliyoyoPhp\alizhongchou\catalog\view\template\account\home.tpl on line 237
2017-06-22 19:26:18 - PHP Warning:  Division by zero in E:\aliyoyoPhp\alizhongchou\catalog\view\template\account\home.tpl on line 237
2017-06-22 19:26:18 - PHP Warning:  Division by zero in E:\aliyoyoPhp\alizhongchou\catalog\view\template\account\home.tpl on line 237
2017-06-22 19:26:18 - PHP Warning:  Division by zero in E:\aliyoyoPhp\alizhongchou\catalog\view\template\account\home.tpl on line 237
2017-06-22 19:26:20 - PHP Notice:  Undefined index: limit_backer_availability in E:\aliyoyoPhp\alizhongchou\catalog\view\template\crowdfunding\campaign.tpl on line 154
2017-06-22 19:29:05 - PHP Notice:  Undefined index: limit_backer_availability in E:\aliyoyoPhp\alizhongchou\catalog\view\template\crowdfunding\campaign.tpl on line 154
2017-06-24 14:50:29 - PHP Warning:  Division by zero in E:\aliyoyoPhp\alizhongchou\catalog\view\template\account\home.tpl on line 241
2017-06-24 14:50:29 - PHP Warning:  Division by zero in E:\aliyoyoPhp\alizhongchou\catalog\view\template\account\home.tpl on line 241
2017-06-24 14:50:29 - PHP Warning:  Division by zero in E:\aliyoyoPhp\alizhongchou\catalog\view\template\account\home.tpl on line 241
2017-06-24 14:50:29 - PHP Warning:  Division by zero in E:\aliyoyoPhp\alizhongchou\catalog\view\template\account\home.tpl on line 241
2017-06-24 14:50:29 - PHP Warning:  Division by zero in E:\aliyoyoPhp\alizhongchou\catalog\view\template\account\home.tpl on line 241
2017-06-24 14:50:29 - PHP Warning:  Division by zero in E:\aliyoyoPhp\alizhongchou\catalog\view\template\account\home.tpl on line 241
2017-06-24 14:50:29 - PHP Warning:  Division by zero in E:\aliyoyoPhp\alizhongchou\catalog\view\template\account\home.tpl on line 241
2017-06-24 14:50:29 - PHP Warning:  Division by zero in E:\aliyoyoPhp\alizhongchou\catalog\view\template\account\home.tpl on line 241
2017-06-24 14:50:29 - PHP Warning:  Division by zero in E:\aliyoyoPhp\alizhongchou\catalog\view\template\account\home.tpl on line 241
2017-06-24 14:50:29 - PHP Warning:  Division by zero in E:\aliyoyoPhp\alizhongchou\catalog\view\template\account\home.tpl on line 241
2017-06-24 14:50:29 - PHP Warning:  Division by zero in E:\aliyoyoPhp\alizhongchou\catalog\view\template\account\home.tpl on line 241
2017-06-24 14:50:29 - PHP Warning:  Division by zero in E:\aliyoyoPhp\alizhongchou\catalog\view\template\account\home.tpl on line 241
2017-06-24 14:50:29 - PHP Warning:  Division by zero in E:\aliyoyoPhp\alizhongchou\catalog\view\template\account\home.tpl on line 241
2017-06-24 14:50:29 - PHP Warning:  Division by zero in E:\aliyoyoPhp\alizhongchou\catalog\view\template\account\home.tpl on line 241
2017-06-24 14:50:29 - PHP Warning:  Division by zero in E:\aliyoyoPhp\alizhongchou\catalog\view\template\account\home.tpl on line 241
2017-06-24 14:50:29 - PHP Warning:  Division by zero in E:\aliyoyoPhp\alizhongchou\catalog\view\template\account\home.tpl on line 241
2017-06-24 14:50:29 - PHP Warning:  Division by zero in E:\aliyoyoPhp\alizhongchou\catalog\view\template\account\home.tpl on line 241
2017-06-24 14:50:29 - PHP Warning:  Division by zero in E:\aliyoyoPhp\alizhongchou\catalog\view\template\account\home.tpl on line 241
2017-06-24 14:50:29 - PHP Warning:  Division by zero in E:\aliyoyoPhp\alizhongchou\catalog\view\template\account\home.tpl on line 241
2017-06-24 14:50:29 - PHP Warning:  Division by zero in E:\aliyoyoPhp\alizhongchou\catalog\view\template\account\home.tpl on line 241
2017-06-24 14:50:29 - PHP Warning:  Division by zero in E:\aliyoyoPhp\alizhongchou\catalog\view\template\account\home.tpl on line 241
2017-06-24 14:50:29 - PHP Warning:  Division by zero in E:\aliyoyoPhp\alizhongchou\catalog\view\template\account\home.tpl on line 241
2017-06-24 14:50:29 - PHP Warning:  Division by zero in E:\aliyoyoPhp\alizhongchou\catalog\view\template\account\home.tpl on line 241
2017-06-24 14:50:29 - PHP Warning:  Division by zero in E:\aliyoyoPhp\alizhongchou\catalog\view\template\account\home.tpl on line 241
2017-06-24 14:50:29 - PHP Warning:  Division by zero in E:\aliyoyoPhp\alizhongchou\catalog\view\template\account\home.tpl on line 241
2017-06-24 14:50:29 - PHP Warning:  Division by zero in E:\aliyoyoPhp\alizhongchou\catalog\view\template\account\home.tpl on line 241
2017-06-24 14:59:27 - PHP Warning:  Division by zero in E:\aliyoyoPhp\alizhongchou\catalog\view\template\account\home.tpl on line 241
2017-06-24 14:59:27 - PHP Warning:  Division by zero in E:\aliyoyoPhp\alizhongchou\catalog\view\template\account\home.tpl on line 241
2017-06-24 14:59:27 - PHP Warning:  Division by zero in E:\aliyoyoPhp\alizhongchou\catalog\view\template\account\home.tpl on line 241
2017-06-24 14:59:27 - PHP Warning:  Division by zero in E:\aliyoyoPhp\alizhongchou\catalog\view\template\account\home.tpl on line 241
2017-06-24 14:59:27 - PHP Warning:  Division by zero in E:\aliyoyoPhp\alizhongchou\catalog\view\template\account\home.tpl on line 241
2017-06-24 14:59:27 - PHP Warning:  Division by zero in E:\aliyoyoPhp\alizhongchou\catalog\view\template\account\home.tpl on line 241
2017-06-24 14:59:27 - PHP Warning:  Division by zero in E:\aliyoyoPhp\alizhongchou\catalog\view\template\account\home.tpl on line 241
2017-06-24 14:59:27 - PHP Warning:  Division by zero in E:\aliyoyoPhp\alizhongchou\catalog\view\template\account\home.tpl on line 241
2017-06-24 14:59:27 - PHP Warning:  Division by zero in E:\aliyoyoPhp\alizhongchou\catalog\view\template\account\home.tpl on line 241
2017-06-24 14:59:27 - PHP Warning:  Division by zero in E:\aliyoyoPhp\alizhongchou\catalog\view\template\account\home.tpl on line 241
2017-06-24 14:59:27 - PHP Warning:  Division by zero in E:\aliyoyoPhp\alizhongchou\catalog\view\template\account\home.tpl on line 241
2017-06-24 14:59:27 - PHP Warning:  Division by zero in E:\aliyoyoPhp\alizhongchou\catalog\view\template\account\home.tpl on line 241
2017-06-24 14:59:27 - PHP Warning:  Division by zero in E:\aliyoyoPhp\alizhongchou\catalog\view\template\account\home.tpl on line 241
2017-06-24 14:59:27 - PHP Warning:  Division by zero in E:\aliyoyoPhp\alizhongchou\catalog\view\template\account\home.tpl on line 241
2017-06-24 14:59:27 - PHP Warning:  Division by zero in E:\aliyoyoPhp\alizhongchou\catalog\view\template\account\home.tpl on line 241
2017-06-24 14:59:27 - PHP Warning:  Division by zero in E:\aliyoyoPhp\alizhongchou\catalog\view\template\account\home.tpl on line 241
2017-06-24 14:59:27 - PHP Warning:  Division by zero in E:\aliyoyoPhp\alizhongchou\catalog\view\template\account\home.tpl on line 241
2017-06-24 14:59:27 - PHP Warning:  Division by zero in E:\aliyoyoPhp\alizhongchou\catalog\view\template\account\home.tpl on line 241
2017-06-24 14:59:27 - PHP Warning:  Division by zero in E:\aliyoyoPhp\alizhongchou\catalog\view\template\account\home.tpl on line 241
2017-06-24 14:59:27 - PHP Warning:  Division by zero in E:\aliyoyoPhp\alizhongchou\catalog\view\template\account\home.tpl on line 241
2017-06-24 14:59:27 - PHP Warning:  Division by zero in E:\aliyoyoPhp\alizhongchou\catalog\view\template\account\home.tpl on line 241
2017-06-24 14:59:27 - PHP Warning:  Division by zero in E:\aliyoyoPhp\alizhongchou\catalog\view\template\account\home.tpl on line 241
2017-06-24 14:59:27 - PHP Warning:  Division by zero in E:\aliyoyoPhp\alizhongchou\catalog\view\template\account\home.tpl on line 241
2017-06-24 14:59:27 - PHP Warning:  Division by zero in E:\aliyoyoPhp\alizhongchou\catalog\view\template\account\home.tpl on line 241
2017-06-24 14:59:27 - PHP Warning:  Division by zero in E:\aliyoyoPhp\alizhongchou\catalog\view\template\account\home.tpl on line 241
2017-06-24 14:59:27 - PHP Warning:  Division by zero in E:\aliyoyoPhp\alizhongchou\catalog\view\template\account\home.tpl on line 241
2017-06-24 15:09:16 - PHP Warning:  Division by zero in E:\aliyoyoPhp\alizhongchou\catalog\view\template\account\home.tpl on line 241
2017-06-24 15:09:16 - PHP Warning:  Division by zero in E:\aliyoyoPhp\alizhongchou\catalog\view\template\account\home.tpl on line 241
2017-06-24 15:09:16 - PHP Warning:  Division by zero in E:\aliyoyoPhp\alizhongchou\catalog\view\template\account\home.tpl on line 241
2017-06-24 15:09:16 - PHP Warning:  Division by zero in E:\aliyoyoPhp\alizhongchou\catalog\view\template\account\home.tpl on line 241
2017-06-24 15:09:16 - PHP Warning:  Division by zero in E:\aliyoyoPhp\alizhongchou\catalog\view\template\account\home.tpl on line 241
2017-06-24 15:09:16 - PHP Warning:  Division by zero in E:\aliyoyoPhp\alizhongchou\catalog\view\template\account\home.tpl on line 241
2017-06-24 15:09:16 - PHP Warning:  Division by zero in E:\aliyoyoPhp\alizhongchou\catalog\view\template\account\home.tpl on line 241
2017-06-24 15:09:16 - PHP Warning:  Division by zero in E:\aliyoyoPhp\alizhongchou\catalog\view\template\account\home.tpl on line 241
2017-06-24 15:09:16 - PHP Warning:  Division by zero in E:\aliyoyoPhp\alizhongchou\catalog\view\template\account\home.tpl on line 241
2017-06-24 15:09:16 - PHP Warning:  Division by zero in E:\aliyoyoPhp\alizhongchou\catalog\view\template\account\home.tpl on line 241
2017-06-24 15:09:16 - PHP Warning:  Division by zero in E:\aliyoyoPhp\alizhongchou\catalog\view\template\account\home.tpl on line 241
2017-06-24 15:09:16 - PHP Warning:  Division by zero in E:\aliyoyoPhp\alizhongchou\catalog\view\template\account\home.tpl on line 241
2017-06-24 15:09:16 - PHP Warning:  Division by zero in E:\aliyoyoPhp\alizhongchou\catalog\view\template\account\home.tpl on line 241
2017-06-24 15:09:16 - PHP Warning:  Division by zero in E:\aliyoyoPhp\alizhongchou\catalog\view\template\account\home.tpl on line 241
2017-06-24 15:09:16 - PHP Warning:  Division by zero in E:\aliyoyoPhp\alizhongchou\catalog\view\template\account\home.tpl on line 241
2017-06-24 15:09:16 - PHP Warning:  Division by zero in E:\aliyoyoPhp\alizhongchou\catalog\view\template\account\home.tpl on line 241
2017-06-24 15:09:16 - PHP Warning:  Division by zero in E:\aliyoyoPhp\alizhongchou\catalog\view\template\account\home.tpl on line 241
2017-06-24 15:09:16 - PHP Warning:  Division by zero in E:\aliyoyoPhp\alizhongchou\catalog\view\template\account\home.tpl on line 241
2017-06-24 15:09:16 - PHP Warning:  Division by zero in E:\aliyoyoPhp\alizhongchou\catalog\view\template\account\home.tpl on line 241
2017-06-24 15:09:16 - PHP Warning:  Division by zero in E:\aliyoyoPhp\alizhongchou\catalog\view\template\account\home.tpl on line 241
2017-06-24 15:09:16 - PHP Warning:  Division by zero in E:\aliyoyoPhp\alizhongchou\catalog\view\template\account\home.tpl on line 241
2017-06-24 15:09:16 - PHP Warning:  Division by zero in E:\aliyoyoPhp\alizhongchou\catalog\view\template\account\home.tpl on line 241
2017-06-24 15:09:16 - PHP Warning:  Division by zero in E:\aliyoyoPhp\alizhongchou\catalog\view\template\account\home.tpl on line 241
2017-06-24 15:09:16 - PHP Warning:  Division by zero in E:\aliyoyoPhp\alizhongchou\catalog\view\template\account\home.tpl on line 241
2017-06-24 15:09:16 - PHP Warning:  Division by zero in E:\aliyoyoPhp\alizhongchou\catalog\view\template\account\home.tpl on line 241
2017-06-24 15:09:16 - PHP Warning:  Division by zero in E:\aliyoyoPhp\alizhongchou\catalog\view\template\account\home.tpl on line 241
2017-06-24 15:09:56 - PHP Warning:  Division by zero in E:\aliyoyoPhp\alizhongchou\catalog\view\template\account\home.tpl on line 241
2017-06-24 15:09:56 - PHP Warning:  Division by zero in E:\aliyoyoPhp\alizhongchou\catalog\view\template\account\home.tpl on line 241
2017-06-24 15:09:56 - PHP Warning:  Division by zero in E:\aliyoyoPhp\alizhongchou\catalog\view\template\account\home.tpl on line 241
2017-06-24 15:09:56 - PHP Warning:  Division by zero in E:\aliyoyoPhp\alizhongchou\catalog\view\template\account\home.tpl on line 241
2017-06-24 15:09:56 - PHP Warning:  Division by zero in E:\aliyoyoPhp\alizhongchou\catalog\view\template\account\home.tpl on line 241
2017-06-24 15:09:56 - PHP Warning:  Division by zero in E:\aliyoyoPhp\alizhongchou\catalog\view\template\account\home.tpl on line 241
2017-06-24 15:09:56 - PHP Warning:  Division by zero in E:\aliyoyoPhp\alizhongchou\catalog\view\template\account\home.tpl on line 241
2017-06-24 15:09:56 - PHP Warning:  Division by zero in E:\aliyoyoPhp\alizhongchou\catalog\view\template\account\home.tpl on line 241
2017-06-24 15:09:56 - PHP Warning:  Division by zero in E:\aliyoyoPhp\alizhongchou\catalog\view\template\account\home.tpl on line 241
2017-06-24 15:09:56 - PHP Warning:  Division by zero in E:\aliyoyoPhp\alizhongchou\catalog\view\template\account\home.tpl on line 241
2017-06-24 15:09:56 - PHP Warning:  Division by zero in E:\aliyoyoPhp\alizhongchou\catalog\view\template\account\home.tpl on line 241
2017-06-24 15:09:56 - PHP Warning:  Division by zero in E:\aliyoyoPhp\alizhongchou\catalog\view\template\account\home.tpl on line 241
2017-06-24 15:09:56 - PHP Warning:  Division by zero in E:\aliyoyoPhp\alizhongchou\catalog\view\template\account\home.tpl on line 241
2017-06-24 15:09:56 - PHP Warning:  Division by zero in E:\aliyoyoPhp\alizhongchou\catalog\view\template\account\home.tpl on line 241
2017-06-24 15:09:56 - PHP Warning:  Division by zero in E:\aliyoyoPhp\alizhongchou\catalog\view\template\account\home.tpl on line 241
2017-06-24 15:09:56 - PHP Warning:  Division by zero in E:\aliyoyoPhp\alizhongchou\catalog\view\template\account\home.tpl on line 241
2017-06-24 15:09:56 - PHP Warning:  Division by zero in E:\aliyoyoPhp\alizhongchou\catalog\view\template\account\home.tpl on line 241
2017-06-24 15:09:56 - PHP Warning:  Division by zero in E:\aliyoyoPhp\alizhongchou\catalog\view\template\account\home.tpl on line 241
2017-06-24 15:09:56 - PHP Warning:  Division by zero in E:\aliyoyoPhp\alizhongchou\catalog\view\template\account\home.tpl on line 241
2017-06-24 15:09:56 - PHP Warning:  Division by zero in E:\aliyoyoPhp\alizhongchou\catalog\view\template\account\home.tpl on line 241
2017-06-24 15:09:56 - PHP Warning:  Division by zero in E:\aliyoyoPhp\alizhongchou\catalog\view\template\account\home.tpl on line 241
2017-06-24 15:09:56 - PHP Warning:  Division by zero in E:\aliyoyoPhp\alizhongchou\catalog\view\template\account\home.tpl on line 241
2017-06-24 15:09:56 - PHP Warning:  Division by zero in E:\aliyoyoPhp\alizhongchou\catalog\view\template\account\home.tpl on line 241
2017-06-24 15:09:56 - PHP Warning:  Division by zero in E:\aliyoyoPhp\alizhongchou\catalog\view\template\account\home.tpl on line 241
2017-06-24 15:09:56 - PHP Warning:  Division by zero in E:\aliyoyoPhp\alizhongchou\catalog\view\template\account\home.tpl on line 241
2017-06-24 15:09:56 - PHP Warning:  Division by zero in E:\aliyoyoPhp\alizhongchou\catalog\view\template\account\home.tpl on line 241
2017-06-24 15:10:03 - PHP Warning:  Division by zero in E:\aliyoyoPhp\alizhongchou\catalog\view\template\account\home.tpl on line 241
2017-06-24 15:10:03 - PHP Warning:  Division by zero in E:\aliyoyoPhp\alizhongchou\catalog\view\template\account\home.tpl on line 241
2017-06-24 15:10:03 - PHP Warning:  Division by zero in E:\aliyoyoPhp\alizhongchou\catalog\view\template\account\home.tpl on line 241
2017-06-24 15:10:03 - PHP Warning:  Division by zero in E:\aliyoyoPhp\alizhongchou\catalog\view\template\account\home.tpl on line 241
2017-06-24 15:10:03 - PHP Warning:  Division by zero in E:\aliyoyoPhp\alizhongchou\catalog\view\template\account\home.tpl on line 241
2017-06-24 15:10:03 - PHP Warning:  Division by zero in E:\aliyoyoPhp\alizhongchou\catalog\view\template\account\home.tpl on line 241
2017-06-24 15:10:03 - PHP Warning:  Division by zero in E:\aliyoyoPhp\alizhongchou\catalog\view\template\account\home.tpl on line 241
2017-06-24 15:10:03 - PHP Warning:  Division by zero in E:\aliyoyoPhp\alizhongchou\catalog\view\template\account\home.tpl on line 241
2017-06-24 15:10:03 - PHP Warning:  Division by zero in E:\aliyoyoPhp\alizhongchou\catalog\view\template\account\home.tpl on line 241
2017-06-24 15:10:03 - PHP Warning:  Division by zero in E:\aliyoyoPhp\alizhongchou\catalog\view\template\account\home.tpl on line 241
2017-06-24 15:10:03 - PHP Warning:  Division by zero in E:\aliyoyoPhp\alizhongchou\catalog\view\template\account\home.tpl on line 241
2017-06-24 15:10:03 - PHP Warning:  Division by zero in E:\aliyoyoPhp\alizhongchou\catalog\view\template\account\home.tpl on line 241
2017-06-24 15:10:03 - PHP Warning:  Division by zero in E:\aliyoyoPhp\alizhongchou\catalog\view\template\account\home.tpl on line 241
2017-06-24 15:10:03 - PHP Warning:  Division by zero in E:\aliyoyoPhp\alizhongchou\catalog\view\template\account\home.tpl on line 241
2017-06-24 15:10:03 - PHP Warning:  Division by zero in E:\aliyoyoPhp\alizhongchou\catalog\view\template\account\home.tpl on line 241
2017-06-24 15:10:03 - PHP Warning:  Division by zero in E:\aliyoyoPhp\alizhongchou\catalog\view\template\account\home.tpl on line 241
2017-06-24 15:10:03 - PHP Warning:  Division by zero in E:\aliyoyoPhp\alizhongchou\catalog\view\template\account\home.tpl on line 241
2017-06-24 15:10:03 - PHP Warning:  Division by zero in E:\aliyoyoPhp\alizhongchou\catalog\view\template\account\home.tpl on line 241
2017-06-24 15:10:03 - PHP Warning:  Division by zero in E:\aliyoyoPhp\alizhongchou\catalog\view\template\account\home.tpl on line 241
2017-06-24 15:10:03 - PHP Warning:  Division by zero in E:\aliyoyoPhp\alizhongchou\catalog\view\template\account\home.tpl on line 241
2017-06-24 15:10:03 - PHP Warning:  Division by zero in E:\aliyoyoPhp\alizhongchou\catalog\view\template\account\home.tpl on line 241
2017-06-24 15:10:03 - PHP Warning:  Division by zero in E:\aliyoyoPhp\alizhongchou\catalog\view\template\account\home.tpl on line 241
2017-06-24 15:10:03 - PHP Warning:  Division by zero in E:\aliyoyoPhp\alizhongchou\catalog\view\template\account\home.tpl on line 241
2017-06-24 15:10:03 - PHP Warning:  Division by zero in E:\aliyoyoPhp\alizhongchou\catalog\view\template\account\home.tpl on line 241
2017-06-24 15:10:03 - PHP Warning:  Division by zero in E:\aliyoyoPhp\alizhongchou\catalog\view\template\account\home.tpl on line 241
2017-06-24 15:10:03 - PHP Warning:  Division by zero in E:\aliyoyoPhp\alizhongchou\catalog\view\template\account\home.tpl on line 241
2017-06-24 15:10:09 - PHP Warning:  Division by zero in E:\aliyoyoPhp\alizhongchou\catalog\view\template\account\home.tpl on line 241
2017-06-24 15:10:09 - PHP Warning:  Division by zero in E:\aliyoyoPhp\alizhongchou\catalog\view\template\account\home.tpl on line 241
2017-06-24 15:10:09 - PHP Warning:  Division by zero in E:\aliyoyoPhp\alizhongchou\catalog\view\template\account\home.tpl on line 241
2017-06-24 15:10:09 - PHP Warning:  Division by zero in E:\aliyoyoPhp\alizhongchou\catalog\view\template\account\home.tpl on line 241
2017-06-24 15:10:09 - PHP Warning:  Division by zero in E:\aliyoyoPhp\alizhongchou\catalog\view\template\account\home.tpl on line 241
2017-06-24 15:10:09 - PHP Warning:  Division by zero in E:\aliyoyoPhp\alizhongchou\catalog\view\template\account\home.tpl on line 241
2017-06-24 15:10:09 - PHP Warning:  Division by zero in E:\aliyoyoPhp\alizhongchou\catalog\view\template\account\home.tpl on line 241
2017-06-24 15:10:09 - PHP Warning:  Division by zero in E:\aliyoyoPhp\alizhongchou\catalog\view\template\account\home.tpl on line 241
2017-06-24 15:10:09 - PHP Warning:  Division by zero in E:\aliyoyoPhp\alizhongchou\catalog\view\template\account\home.tpl on line 241
2017-06-24 15:10:09 - PHP Warning:  Division by zero in E:\aliyoyoPhp\alizhongchou\catalog\view\template\account\home.tpl on line 241
2017-06-24 15:10:09 - PHP Warning:  Division by zero in E:\aliyoyoPhp\alizhongchou\catalog\view\template\account\home.tpl on line 241
2017-06-24 15:10:09 - PHP Warning:  Division by zero in E:\aliyoyoPhp\alizhongchou\catalog\view\template\account\home.tpl on line 241
2017-06-24 15:10:09 - PHP Warning:  Division by zero in E:\aliyoyoPhp\alizhongchou\catalog\view\template\account\home.tpl on line 241
2017-06-24 15:10:09 - PHP Warning:  Division by zero in E:\aliyoyoPhp\alizhongchou\catalog\view\template\account\home.tpl on line 241
2017-06-24 15:10:09 - PHP Warning:  Division by zero in E:\aliyoyoPhp\alizhongchou\catalog\view\template\account\home.tpl on line 241
2017-06-24 15:10:09 - PHP Warning:  Division by zero in E:\aliyoyoPhp\alizhongchou\catalog\view\template\account\home.tpl on line 241
2017-06-24 15:10:09 - PHP Warning:  Division by zero in E:\aliyoyoPhp\alizhongchou\catalog\view\template\account\home.tpl on line 241
2017-06-24 15:10:09 - PHP Warning:  Division by zero in E:\aliyoyoPhp\alizhongchou\catalog\view\template\account\home.tpl on line 241
2017-06-24 15:10:09 - PHP Warning:  Division by zero in E:\aliyoyoPhp\alizhongchou\catalog\view\template\account\home.tpl on line 241
2017-06-24 15:10:09 - PHP Warning:  Division by zero in E:\aliyoyoPhp\alizhongchou\catalog\view\template\account\home.tpl on line 241
2017-06-24 15:10:09 - PHP Warning:  Division by zero in E:\aliyoyoPhp\alizhongchou\catalog\view\template\account\home.tpl on line 241
2017-06-24 15:10:09 - PHP Warning:  Division by zero in E:\aliyoyoPhp\alizhongchou\catalog\view\template\account\home.tpl on line 241
2017-06-24 15:10:09 - PHP Warning:  Division by zero in E:\aliyoyoPhp\alizhongchou\catalog\view\template\account\home.tpl on line 241
2017-06-24 15:10:09 - PHP Warning:  Division by zero in E:\aliyoyoPhp\alizhongchou\catalog\view\template\account\home.tpl on line 241
2017-06-24 15:10:09 - PHP Warning:  Division by zero in E:\aliyoyoPhp\alizhongchou\catalog\view\template\account\home.tpl on line 241
2017-06-24 15:10:09 - PHP Warning:  Division by zero in E:\aliyoyoPhp\alizhongchou\catalog\view\template\account\home.tpl on line 241
2017-06-24 18:17:56 - PHP Warning:  Division by zero in E:\aliyoyoPhp\alizhongchou\catalog\view\template\account\home.tpl on line 250
2017-06-24 18:17:56 - PHP Warning:  Division by zero in E:\aliyoyoPhp\alizhongchou\catalog\view\template\account\home.tpl on line 250
2017-06-24 18:17:56 - PHP Warning:  Division by zero in E:\aliyoyoPhp\alizhongchou\catalog\view\template\account\home.tpl on line 250
2017-06-24 18:17:56 - PHP Warning:  Division by zero in E:\aliyoyoPhp\alizhongchou\catalog\view\template\account\home.tpl on line 250
2017-06-24 18:17:56 - PHP Warning:  Division by zero in E:\aliyoyoPhp\alizhongchou\catalog\view\template\account\home.tpl on line 250
2017-06-24 18:17:56 - PHP Warning:  Division by zero in E:\aliyoyoPhp\alizhongchou\catalog\view\template\account\home.tpl on line 250
2017-06-24 18:17:56 - PHP Warning:  Division by zero in E:\aliyoyoPhp\alizhongchou\catalog\view\template\account\home.tpl on line 250
2017-06-24 18:17:56 - PHP Warning:  Division by zero in E:\aliyoyoPhp\alizhongchou\catalog\view\template\account\home.tpl on line 250
2017-06-24 18:17:56 - PHP Warning:  Division by zero in E:\aliyoyoPhp\alizhongchou\catalog\view\template\account\home.tpl on line 250
2017-06-24 18:17:56 - PHP Warning:  Division by zero in E:\aliyoyoPhp\alizhongchou\catalog\view\template\account\home.tpl on line 250
2017-06-24 18:17:56 - PHP Warning:  Division by zero in E:\aliyoyoPhp\alizhongchou\catalog\view\template\account\home.tpl on line 250
2017-06-24 18:17:56 - PHP Warning:  Division by zero in E:\aliyoyoPhp\alizhongchou\catalog\view\template\account\home.tpl on line 250
2017-06-24 18:17:56 - PHP Warning:  Division by zero in E:\aliyoyoPhp\alizhongchou\catalog\view\template\account\home.tpl on line 250
2017-06-24 18:17:56 - PHP Warning:  Division by zero in E:\aliyoyoPhp\alizhongchou\catalog\view\template\account\home.tpl on line 250
2017-06-24 18:17:56 - PHP Warning:  Division by zero in E:\aliyoyoPhp\alizhongchou\catalog\view\template\account\home.tpl on line 250
2017-06-24 18:17:56 - PHP Warning:  Division by zero in E:\aliyoyoPhp\alizhongchou\catalog\view\template\account\home.tpl on line 250
2017-06-24 18:17:56 - PHP Warning:  Division by zero in E:\aliyoyoPhp\alizhongchou\catalog\view\template\account\home.tpl on line 250
2017-06-24 18:17:56 - PHP Warning:  Division by zero in E:\aliyoyoPhp\alizhongchou\catalog\view\template\account\home.tpl on line 250
2017-06-24 18:17:56 - PHP Warning:  Division by zero in E:\aliyoyoPhp\alizhongchou\catalog\view\template\account\home.tpl on line 250
2017-06-24 18:17:56 - PHP Warning:  Division by zero in E:\aliyoyoPhp\alizhongchou\catalog\view\template\account\home.tpl on line 250
2017-06-24 18:17:56 - PHP Warning:  Division by zero in E:\aliyoyoPhp\alizhongchou\catalog\view\template\account\home.tpl on line 250
2017-06-24 18:17:56 - PHP Warning:  Division by zero in E:\aliyoyoPhp\alizhongchou\catalog\view\template\account\home.tpl on line 250
2017-06-24 18:17:56 - PHP Warning:  Division by zero in E:\aliyoyoPhp\alizhongchou\catalog\view\template\account\home.tpl on line 250
2017-06-24 18:17:56 - PHP Warning:  Division by zero in E:\aliyoyoPhp\alizhongchou\catalog\view\template\account\home.tpl on line 250
2017-06-24 18:17:56 - PHP Warning:  Division by zero in E:\aliyoyoPhp\alizhongchou\catalog\view\template\account\home.tpl on line 250
2017-06-24 18:17:56 - PHP Warning:  Division by zero in E:\aliyoyoPhp\alizhongchou\catalog\view\template\account\home.tpl on line 250
2017-06-24 18:18:04 - PHP Notice:  Undefined index: limit_backer_availability in E:\aliyoyoPhp\alizhongchou\catalog\view\template\crowdfunding\campaign.tpl on line 154
2017-06-24 18:20:51 - PHP Notice:  Undefined index: coupon_id in E:\aliyoyoPhp\alizhongchou\catalog\controller\payment\pp_standard.php on line 22
2017-06-24 18:20:51 - PHP Notice:  Undefined index: crowdfunding_name in E:\aliyoyoPhp\alizhongchou\catalog\view\template\payment\pp_standard.tpl on line 9
2017-06-24 18:20:51 - PHP Notice:  Undefined index: name in E:\aliyoyoPhp\alizhongchou\catalog\view\template\payment\pp_standard.tpl on line 10
2017-06-24 18:20:51 - PHP Notice:  Undefined index: pledge_amount in E:\aliyoyoPhp\alizhongchou\catalog\view\template\payment\pp_standard.tpl on line 11
2017-06-24 18:20:51 - PHP Notice:  Undefined index: crowdfunding_name in E:\aliyoyoPhp\alizhongchou\catalog\view\template\payment\pp_standard.tpl on line 47
2017-06-24 18:20:51 - PHP Notice:  Undefined index: name in E:\aliyoyoPhp\alizhongchou\catalog\view\template\payment\pp_standard.tpl on line 48
2017-06-24 18:21:33 - PHP Notice:  Undefined index: crowdfunding_name in E:\aliyoyoPhp\alizhongchou\catalog\view\template\payment\pp_standard.tpl on line 9
2017-06-24 18:21:33 - PHP Notice:  Undefined index: name in E:\aliyoyoPhp\alizhongchou\catalog\view\template\payment\pp_standard.tpl on line 10
2017-06-24 18:21:33 - PHP Notice:  Undefined index: pledge_amount in E:\aliyoyoPhp\alizhongchou\catalog\view\template\payment\pp_standard.tpl on line 11
2017-06-24 18:21:33 - PHP Notice:  Undefined index: crowdfunding_name in E:\aliyoyoPhp\alizhongchou\catalog\view\template\payment\pp_standard.tpl on line 47
2017-06-24 18:21:33 - PHP Notice:  Undefined index: name in E:\aliyoyoPhp\alizhongchou\catalog\view\template\payment\pp_standard.tpl on line 48
2017-06-24 18:22:10 - PHP Notice:  Undefined index: limit_backer_availability in E:\aliyoyoPhp\alizhongchou\catalog\view\template\crowdfunding\campaign.tpl on line 154
2017-06-24 18:23:13 - PHP Notice:  Undefined index: limit_backer_availability in E:\aliyoyoPhp\alizhongchou\catalog\view\template\crowdfunding\campaign.tpl on line 154
2017-06-24 18:23:58 - PHP Notice:  Undefined index: crowdfunding_name in E:\aliyoyoPhp\alizhongchou\catalog\view\template\payment\pp_standard.tpl on line 9
2017-06-24 18:23:58 - PHP Notice:  Undefined index: name in E:\aliyoyoPhp\alizhongchou\catalog\view\template\payment\pp_standard.tpl on line 10
2017-06-24 18:23:58 - PHP Notice:  Undefined index: pledge_amount in E:\aliyoyoPhp\alizhongchou\catalog\view\template\payment\pp_standard.tpl on line 11
2017-06-24 18:23:58 - PHP Notice:  Undefined index: crowdfunding_name in E:\aliyoyoPhp\alizhongchou\catalog\view\template\payment\pp_standard.tpl on line 47
2017-06-24 18:23:58 - PHP Notice:  Undefined index: name in E:\aliyoyoPhp\alizhongchou\catalog\view\template\payment\pp_standard.tpl on line 48
2017-06-24 18:25:48 - PHP Notice:  Undefined index: crowdfunding_name in E:\aliyoyoPhp\alizhongchou\catalog\view\template\payment\pp_standard.tpl on line 9
2017-06-24 18:25:48 - PHP Notice:  Undefined index: name in E:\aliyoyoPhp\alizhongchou\catalog\view\template\payment\pp_standard.tpl on line 10
2017-06-24 18:25:48 - PHP Notice:  Undefined index: pledge_amount in E:\aliyoyoPhp\alizhongchou\catalog\view\template\payment\pp_standard.tpl on line 11
2017-06-24 18:25:48 - PHP Notice:  Undefined index: crowdfunding_name in E:\aliyoyoPhp\alizhongchou\catalog\view\template\payment\pp_standard.tpl on line 47
2017-06-24 18:25:48 - PHP Notice:  Undefined index: name in E:\aliyoyoPhp\alizhongchou\catalog\view\template\payment\pp_standard.tpl on line 48
2017-06-24 18:29:29 - PHP Notice:  Undefined variable: action in E:\aliyoyoPhp\alizhongchou\catalog\view\template\payment\creditcardiframe.tpl on line 3
2017-06-24 18:29:29 - PHP Notice:  Undefined variable: merNo in E:\aliyoyoPhp\alizhongchou\catalog\view\template\payment\creditcardiframe.tpl on line 4
2017-06-24 18:29:29 - PHP Notice:  Undefined variable: gatewayNo in E:\aliyoyoPhp\alizhongchou\catalog\view\template\payment\creditcardiframe.tpl on line 5
2017-06-24 18:29:29 - PHP Notice:  Undefined variable: orderNo in E:\aliyoyoPhp\alizhongchou\catalog\view\template\payment\creditcardiframe.tpl on line 6
2017-06-24 18:29:29 - PHP Notice:  Undefined variable: orderCurrency in E:\aliyoyoPhp\alizhongchou\catalog\view\template\payment\creditcardiframe.tpl on line 7
2017-06-24 18:29:29 - PHP Notice:  Undefined variable: orderAmount in E:\aliyoyoPhp\alizhongchou\catalog\view\template\payment\creditcardiframe.tpl on line 8
2017-06-24 18:29:29 - PHP Notice:  Undefined variable: returnUrl in E:\aliyoyoPhp\alizhongchou\catalog\view\template\payment\creditcardiframe.tpl on line 9
2017-06-24 18:29:29 - PHP Notice:  Undefined variable: signInfo in E:\aliyoyoPhp\alizhongchou\catalog\view\template\payment\creditcardiframe.tpl on line 10
2017-06-24 18:29:29 - PHP Notice:  Undefined variable: firstName in E:\aliyoyoPhp\alizhongchou\catalog\view\template\payment\creditcardiframe.tpl on line 11
2017-06-24 18:29:29 - PHP Notice:  Undefined variable: remark in E:\aliyoyoPhp\alizhongchou\catalog\view\template\payment\creditcardiframe.tpl on line 12
2017-06-24 18:29:29 - PHP Notice:  Undefined variable: lastName in E:\aliyoyoPhp\alizhongchou\catalog\view\template\payment\creditcardiframe.tpl on line 13
2017-06-24 18:29:29 - PHP Notice:  Undefined variable: email in E:\aliyoyoPhp\alizhongchou\catalog\view\template\payment\creditcardiframe.tpl on line 14
2017-06-24 18:29:29 - PHP Notice:  Undefined variable: phone in E:\aliyoyoPhp\alizhongchou\catalog\view\template\payment\creditcardiframe.tpl on line 15
2017-06-24 18:29:29 - PHP Notice:  Undefined variable: paymentMethod in E:\aliyoyoPhp\alizhongchou\catalog\view\template\payment\creditcardiframe.tpl on line 16
2017-06-24 18:29:29 - PHP Notice:  Undefined variable: zip in E:\aliyoyoPhp\alizhongchou\catalog\view\template\payment\creditcardiframe.tpl on line 17
2017-06-24 18:29:29 - PHP Notice:  Undefined variable: city in E:\aliyoyoPhp\alizhongchou\catalog\view\template\payment\creditcardiframe.tpl on line 18
2017-06-24 18:29:29 - PHP Notice:  Undefined variable: state in E:\aliyoyoPhp\alizhongchou\catalog\view\template\payment\creditcardiframe.tpl on line 19
2017-06-24 18:29:29 - PHP Notice:  Undefined variable: country in E:\aliyoyoPhp\alizhongchou\catalog\view\template\payment\creditcardiframe.tpl on line 20
2017-06-24 18:29:29 - PHP Notice:  Undefined variable: address in E:\aliyoyoPhp\alizhongchou\catalog\view\template\payment\creditcardiframe.tpl on line 21
2017-06-24 18:29:29 - PHP Notice:  Undefined variable: interfaceInfo in E:\aliyoyoPhp\alizhongchou\catalog\view\template\payment\creditcardiframe.tpl on line 22
2017-06-24 18:29:29 - PHP Notice:  Undefined variable: interfaceVersion in E:\aliyoyoPhp\alizhongchou\catalog\view\template\payment\creditcardiframe.tpl on line 23
2017-06-24 18:29:29 - PHP Notice:  Undefined variable: isMobile in E:\aliyoyoPhp\alizhongchou\catalog\view\template\payment\creditcardiframe.tpl on line 24
2017-06-24 18:29:29 - PHP Notice:  Undefined variable: action in E:\aliyoyoPhp\alizhongchou\catalog\view\template\payment\creditcardiframe.tpl on line 39
2017-06-24 18:29:29 - PHP Notice:  Undefined variable: action in E:\aliyoyoPhp\alizhongchou\catalog\view\template\payment\creditcardiframe.tpl on line 41
2017-06-24 19:03:41 - PHP Notice:  Undefined index: rewards in E:\aliyoyoPhp\alizhongchou\catalog\controller\payment\pp_standard.php on line 43
2017-06-24 19:03:41 - PHP Notice:  Undefined variable: rewards in E:\aliyoyoPhp\alizhongchou\catalog\view\template\payment\pp_standard.tpl on line 9
2017-06-24 19:03:41 - PHP Notice:  Undefined variable: rewards in E:\aliyoyoPhp\alizhongchou\catalog\view\template\payment\pp_standard.tpl on line 10
2017-06-24 19:03:41 - PHP Notice:  Undefined variable: rewards in E:\aliyoyoPhp\alizhongchou\catalog\view\template\payment\pp_standard.tpl on line 11
2017-06-24 19:03:41 - PHP Notice:  Undefined variable: rewards in E:\aliyoyoPhp\alizhongchou\catalog\view\template\payment\pp_standard.tpl on line 47
2017-06-24 19:03:41 - PHP Notice:  Undefined variable: rewards in E:\aliyoyoPhp\alizhongchou\catalog\view\template\payment\pp_standard.tpl on line 48
2017-06-24 19:28:53 - PHP Notice:  Undefined index: rewards in E:\aliyoyoPhp\alizhongchou\catalog\controller\payment\pp_standard.php on line 45
2017-06-24 19:28:53 - PHP Notice:  Undefined variable: rewards in E:\aliyoyoPhp\alizhongchou\catalog\view\template\payment\pp_standard.tpl on line 50
2017-06-24 19:28:53 - PHP Notice:  Undefined variable: rewards in E:\aliyoyoPhp\alizhongchou\catalog\view\template\payment\pp_standard.tpl on line 51
2017-06-24 19:29:25 - PHP Notice:  Undefined variable: rewards in E:\aliyoyoPhp\alizhongchou\catalog\view\template\payment\pp_standard.tpl on line 50
2017-06-24 19:29:25 - PHP Notice:  Undefined variable: rewards in E:\aliyoyoPhp\alizhongchou\catalog\view\template\payment\pp_standard.tpl on line 51
2017-06-24 19:31:02 - PHP Notice:  Undefined index: name in E:\aliyoyoPhp\alizhongchou\catalog\view\template\payment\pp_standard.tpl on line 15
2017-06-24 19:31:02 - PHP Notice:  Undefined variable: rewards in E:\aliyoyoPhp\alizhongchou\catalog\view\template\payment\pp_standard.tpl on line 52
2017-06-24 19:31:02 - PHP Notice:  Undefined variable: rewards in E:\aliyoyoPhp\alizhongchou\catalog\view\template\payment\pp_standard.tpl on line 53
2017-06-24 19:33:38 - PHP Notice:  Undefined index: name in E:\aliyoyoPhp\alizhongchou\catalog\view\template\payment\pp_standard.tpl on line 15
2017-06-24 19:33:38 - PHP Notice:  Undefined variable: rewards in E:\aliyoyoPhp\alizhongchou\catalog\view\template\payment\pp_standard.tpl on line 52
2017-06-24 19:33:38 - PHP Notice:  Undefined variable: rewards in E:\aliyoyoPhp\alizhongchou\catalog\view\template\payment\pp_standard.tpl on line 53
2017-06-24 19:33:58 - PHP Notice:  Undefined index: funding in E:\aliyoyoPhp\alizhongchou\catalog\controller\payment\pp_standard.php on line 24
2017-06-24 19:33:58 - PHP Notice:  Undefined index: name in E:\aliyoyoPhp\alizhongchou\catalog\view\template\payment\pp_standard.tpl on line 15
2017-06-24 19:33:58 - PHP Notice:  Undefined variable: rewards in E:\aliyoyoPhp\alizhongchou\catalog\view\template\payment\pp_standard.tpl on line 52
2017-06-24 19:33:58 - PHP Notice:  Undefined variable: rewards in E:\aliyoyoPhp\alizhongchou\catalog\view\template\payment\pp_standard.tpl on line 53
2017-06-24 19:34:11 - PHP Notice:  Undefined index: funding_id in E:\aliyoyoPhp\alizhongchou\catalog\controller\payment\pp_standard.php on line 24
2017-06-24 19:34:11 - PHP Notice:  Undefined index: name in E:\aliyoyoPhp\alizhongchou\catalog\view\template\payment\pp_standard.tpl on line 15
2017-06-24 19:34:11 - PHP Notice:  Undefined variable: rewards in E:\aliyoyoPhp\alizhongchou\catalog\view\template\payment\pp_standard.tpl on line 52
2017-06-24 19:34:11 - PHP Notice:  Undefined variable: rewards in E:\aliyoyoPhp\alizhongchou\catalog\view\template\payment\pp_standard.tpl on line 53
2017-06-24 19:35:06 - PHP Notice:  Undefined index: funding_id in E:\aliyoyoPhp\alizhongchou\catalog\controller\payment\pp_standard.php on line 24
2017-06-24 19:35:06 - PHP Notice:  Undefined index: name in E:\aliyoyoPhp\alizhongchou\catalog\view\template\payment\pp_standard.tpl on line 15
2017-06-24 19:35:06 - PHP Notice:  Undefined variable: rewards in E:\aliyoyoPhp\alizhongchou\catalog\view\template\payment\pp_standard.tpl on line 52
2017-06-24 19:35:06 - PHP Notice:  Undefined variable: rewards in E:\aliyoyoPhp\alizhongchou\catalog\view\template\payment\pp_standard.tpl on line 53
2017-06-24 19:35:17 - PHP Notice:  Undefined index: funding_id in E:\aliyoyoPhp\alizhongchou\catalog\controller\payment\pp_standard.php on line 25
2017-06-24 19:35:17 - PHP Notice:  Undefined index: name in E:\aliyoyoPhp\alizhongchou\catalog\view\template\payment\pp_standard.tpl on line 15
2017-06-24 19:35:17 - PHP Notice:  Undefined variable: rewards in E:\aliyoyoPhp\alizhongchou\catalog\view\template\payment\pp_standard.tpl on line 52
2017-06-24 19:35:17 - PHP Notice:  Undefined variable: rewards in E:\aliyoyoPhp\alizhongchou\catalog\view\template\payment\pp_standard.tpl on line 53
2017-06-24 19:37:30 - PHP Notice:  Undefined variable: rewards in E:\aliyoyoPhp\alizhongchou\catalog\view\template\payment\pp_standard.tpl on line 52
2017-06-24 19:37:30 - PHP Notice:  Undefined variable: rewards in E:\aliyoyoPhp\alizhongchou\catalog\view\template\payment\pp_standard.tpl on line 53
2017-06-24 19:38:25 - PHP Notice:  Undefined variable: rewards in E:\aliyoyoPhp\alizhongchou\catalog\view\template\payment\pp_standard.tpl on line 52
2017-06-24 19:38:25 - PHP Notice:  Undefined variable: rewards in E:\aliyoyoPhp\alizhongchou\catalog\view\template\payment\pp_standard.tpl on line 53
2017-06-24 19:40:08 - PHP Notice:  Undefined variable: rewards in E:\aliyoyoPhp\alizhongchou\catalog\view\template\payment\pp_standard.tpl on line 52
2017-06-24 19:40:08 - PHP Notice:  Undefined variable: rewards in E:\aliyoyoPhp\alizhongchou\catalog\view\template\payment\pp_standard.tpl on line 53
2017-06-26 11:05:56 - PHP Warning:  Division by zero in E:\aliyoyoPhp\alizhongchou\catalog\view\template\account\home.tpl on line 254
2017-06-26 11:05:56 - PHP Warning:  Division by zero in E:\aliyoyoPhp\alizhongchou\catalog\view\template\account\home.tpl on line 254
2017-06-26 11:05:56 - PHP Warning:  Division by zero in E:\aliyoyoPhp\alizhongchou\catalog\view\template\account\home.tpl on line 254
2017-06-26 11:05:56 - PHP Warning:  Division by zero in E:\aliyoyoPhp\alizhongchou\catalog\view\template\account\home.tpl on line 254
2017-06-26 11:05:56 - PHP Warning:  Division by zero in E:\aliyoyoPhp\alizhongchou\catalog\view\template\account\home.tpl on line 254
2017-06-26 11:05:56 - PHP Warning:  Division by zero in E:\aliyoyoPhp\alizhongchou\catalog\view\template\account\home.tpl on line 254
2017-06-26 11:05:56 - PHP Warning:  Division by zero in E:\aliyoyoPhp\alizhongchou\catalog\view\template\account\home.tpl on line 254
2017-06-26 11:05:56 - PHP Warning:  Division by zero in E:\aliyoyoPhp\alizhongchou\catalog\view\template\account\home.tpl on line 254
2017-06-26 11:05:56 - PHP Warning:  Division by zero in E:\aliyoyoPhp\alizhongchou\catalog\view\template\account\home.tpl on line 254
2017-06-26 11:05:56 - PHP Warning:  Division by zero in E:\aliyoyoPhp\alizhongchou\catalog\view\template\account\home.tpl on line 254
2017-06-26 11:05:56 - PHP Warning:  Division by zero in E:\aliyoyoPhp\alizhongchou\catalog\view\template\account\home.tpl on line 254
2017-06-26 11:05:56 - PHP Warning:  Division by zero in E:\aliyoyoPhp\alizhongchou\catalog\view\template\account\home.tpl on line 254
2017-06-26 11:05:56 - PHP Warning:  Division by zero in E:\aliyoyoPhp\alizhongchou\catalog\view\template\account\home.tpl on line 254
2017-06-26 11:05:56 - PHP Warning:  Division by zero in E:\aliyoyoPhp\alizhongchou\catalog\view\template\account\home.tpl on line 254
2017-06-26 11:05:56 - PHP Warning:  Division by zero in E:\aliyoyoPhp\alizhongchou\catalog\view\template\account\home.tpl on line 254
2017-06-26 11:05:56 - PHP Warning:  Division by zero in E:\aliyoyoPhp\alizhongchou\catalog\view\template\account\home.tpl on line 254
2017-06-26 11:05:56 - PHP Warning:  Division by zero in E:\aliyoyoPhp\alizhongchou\catalog\view\template\account\home.tpl on line 254
2017-06-26 11:05:56 - PHP Warning:  Division by zero in E:\aliyoyoPhp\alizhongchou\catalog\view\template\account\home.tpl on line 254
2017-06-26 11:05:56 - PHP Warning:  Division by zero in E:\aliyoyoPhp\alizhongchou\catalog\view\template\account\home.tpl on line 254
2017-06-26 11:05:56 - PHP Warning:  Division by zero in E:\aliyoyoPhp\alizhongchou\catalog\view\template\account\home.tpl on line 254
2017-06-26 11:05:56 - PHP Warning:  Division by zero in E:\aliyoyoPhp\alizhongchou\catalog\view\template\account\home.tpl on line 254
2017-06-26 11:05:56 - PHP Warning:  Division by zero in E:\aliyoyoPhp\alizhongchou\catalog\view\template\account\home.tpl on line 254
2017-06-26 11:05:56 - PHP Warning:  Division by zero in E:\aliyoyoPhp\alizhongchou\catalog\view\template\account\home.tpl on line 254
2017-06-26 11:05:56 - PHP Warning:  Division by zero in E:\aliyoyoPhp\alizhongchou\catalog\view\template\account\home.tpl on line 254
2017-06-26 11:05:56 - PHP Warning:  Division by zero in E:\aliyoyoPhp\alizhongchou\catalog\view\template\account\home.tpl on line 254
2017-06-26 11:05:56 - PHP Warning:  Division by zero in E:\aliyoyoPhp\alizhongchou\catalog\view\template\account\home.tpl on line 254
2017-06-26 11:09:02 - PHP Warning:  Division by zero in E:\aliyoyoPhp\alizhongchou\catalog\view\template\account\home.tpl on line 254
2017-06-26 11:09:02 - PHP Warning:  Division by zero in E:\aliyoyoPhp\alizhongchou\catalog\view\template\account\home.tpl on line 254
2017-06-26 11:09:02 - PHP Warning:  Division by zero in E:\aliyoyoPhp\alizhongchou\catalog\view\template\account\home.tpl on line 254
2017-06-26 11:09:02 - PHP Warning:  Division by zero in E:\aliyoyoPhp\alizhongchou\catalog\view\template\account\home.tpl on line 254
2017-06-26 11:09:02 - PHP Warning:  Division by zero in E:\aliyoyoPhp\alizhongchou\catalog\view\template\account\home.tpl on line 254
2017-06-26 11:09:02 - PHP Warning:  Division by zero in E:\aliyoyoPhp\alizhongchou\catalog\view\template\account\home.tpl on line 254
2017-06-26 11:09:02 - PHP Warning:  Division by zero in E:\aliyoyoPhp\alizhongchou\catalog\view\template\account\home.tpl on line 254
2017-06-26 11:09:02 - PHP Warning:  Division by zero in E:\aliyoyoPhp\alizhongchou\catalog\view\template\account\home.tpl on line 254
2017-06-26 11:09:02 - PHP Warning:  Division by zero in E:\aliyoyoPhp\alizhongchou\catalog\view\template\account\home.tpl on line 254
2017-06-26 11:09:02 - PHP Warning:  Division by zero in E:\aliyoyoPhp\alizhongchou\catalog\view\template\account\home.tpl on line 254
2017-06-26 11:09:02 - PHP Warning:  Division by zero in E:\aliyoyoPhp\alizhongchou\catalog\view\template\account\home.tpl on line 254
2017-06-26 11:09:02 - PHP Warning:  Division by zero in E:\aliyoyoPhp\alizhongchou\catalog\view\template\account\home.tpl on line 254
2017-06-26 11:09:02 - PHP Warning:  Division by zero in E:\aliyoyoPhp\alizhongchou\catalog\view\template\account\home.tpl on line 254
2017-06-26 11:09:02 - PHP Warning:  Division by zero in E:\aliyoyoPhp\alizhongchou\catalog\view\template\account\home.tpl on line 254
2017-06-26 11:09:02 - PHP Warning:  Division by zero in E:\aliyoyoPhp\alizhongchou\catalog\view\template\account\home.tpl on line 254
2017-06-26 11:09:02 - PHP Warning:  Division by zero in E:\aliyoyoPhp\alizhongchou\catalog\view\template\account\home.tpl on line 254
2017-06-26 11:09:02 - PHP Warning:  Division by zero in E:\aliyoyoPhp\alizhongchou\catalog\view\template\account\home.tpl on line 254
2017-06-26 11:09:02 - PHP Warning:  Division by zero in E:\aliyoyoPhp\alizhongchou\catalog\view\template\account\home.tpl on line 254
2017-06-26 11:09:02 - PHP Warning:  Division by zero in E:\aliyoyoPhp\alizhongchou\catalog\view\template\account\home.tpl on line 254
2017-06-26 11:09:02 - PHP Warning:  Division by zero in E:\aliyoyoPhp\alizhongchou\catalog\view\template\account\home.tpl on line 254
2017-06-26 11:09:02 - PHP Warning:  Division by zero in E:\aliyoyoPhp\alizhongchou\catalog\view\template\account\home.tpl on line 254
2017-06-26 11:09:02 - PHP Warning:  Division by zero in E:\aliyoyoPhp\alizhongchou\catalog\view\template\account\home.tpl on line 254
2017-06-26 11:09:02 - PHP Warning:  Division by zero in E:\aliyoyoPhp\alizhongchou\catalog\view\template\account\home.tpl on line 254
2017-06-26 11:09:02 - PHP Warning:  Division by zero in E:\aliyoyoPhp\alizhongchou\catalog\view\template\account\home.tpl on line 254
2017-06-26 11:09:02 - PHP Warning:  Division by zero in E:\aliyoyoPhp\alizhongchou\catalog\view\template\account\home.tpl on line 254
2017-06-26 11:09:02 - PHP Warning:  Division by zero in E:\aliyoyoPhp\alizhongchou\catalog\view\template\account\home.tpl on line 254
2017-06-26 11:13:51 - PHP Warning:  Division by zero in E:\aliyoyoPhp\alizhongchou\catalog\view\template\account\home.tpl on line 254
2017-06-26 11:13:51 - PHP Warning:  Division by zero in E:\aliyoyoPhp\alizhongchou\catalog\view\template\account\home.tpl on line 254
2017-06-26 11:13:51 - PHP Warning:  Division by zero in E:\aliyoyoPhp\alizhongchou\catalog\view\template\account\home.tpl on line 254
2017-06-26 11:13:51 - PHP Warning:  Division by zero in E:\aliyoyoPhp\alizhongchou\catalog\view\template\account\home.tpl on line 254
2017-06-26 11:13:51 - PHP Warning:  Division by zero in E:\aliyoyoPhp\alizhongchou\catalog\view\template\account\home.tpl on line 254
2017-06-26 11:13:51 - PHP Warning:  Division by zero in E:\aliyoyoPhp\alizhongchou\catalog\view\template\account\home.tpl on line 254
2017-06-26 11:13:51 - PHP Warning:  Division by zero in E:\aliyoyoPhp\alizhongchou\catalog\view\template\account\home.tpl on line 254
2017-06-26 11:13:51 - PHP Warning:  Division by zero in E:\aliyoyoPhp\alizhongchou\catalog\view\template\account\home.tpl on line 254
2017-06-26 11:13:51 - PHP Warning:  Division by zero in E:\aliyoyoPhp\alizhongchou\catalog\view\template\account\home.tpl on line 254
2017-06-26 11:13:51 - PHP Warning:  Division by zero in E:\aliyoyoPhp\alizhongchou\catalog\view\template\account\home.tpl on line 254
2017-06-26 11:13:51 - PHP Warning:  Division by zero in E:\aliyoyoPhp\alizhongchou\catalog\view\template\account\home.tpl on line 254
2017-06-26 11:13:51 - PHP Warning:  Division by zero in E:\aliyoyoPhp\alizhongchou\catalog\view\template\account\home.tpl on line 254
2017-06-26 11:13:51 - PHP Warning:  Division by zero in E:\aliyoyoPhp\alizhongchou\catalog\view\template\account\home.tpl on line 254
2017-06-26 11:13:51 - PHP Warning:  Division by zero in E:\aliyoyoPhp\alizhongchou\catalog\view\template\account\home.tpl on line 254
2017-06-26 11:13:51 - PHP Warning:  Division by zero in E:\aliyoyoPhp\alizhongchou\catalog\view\template\account\home.tpl on line 254
2017-06-26 11:13:51 - PHP Warning:  Division by zero in E:\aliyoyoPhp\alizhongchou\catalog\view\template\account\home.tpl on line 254
2017-06-26 11:13:51 - PHP Warning:  Division by zero in E:\aliyoyoPhp\alizhongchou\catalog\view\template\account\home.tpl on line 254
2017-06-26 11:13:51 - PHP Warning:  Division by zero in E:\aliyoyoPhp\alizhongchou\catalog\view\template\account\home.tpl on line 254
2017-06-26 11:13:51 - PHP Warning:  Division by zero in E:\aliyoyoPhp\alizhongchou\catalog\view\template\account\home.tpl on line 254
2017-06-26 11:13:51 - PHP Warning:  Division by zero in E:\aliyoyoPhp\alizhongchou\catalog\view\template\account\home.tpl on line 254
2017-06-26 11:13:51 - PHP Warning:  Division by zero in E:\aliyoyoPhp\alizhongchou\catalog\view\template\account\home.tpl on line 254
2017-06-26 11:13:51 - PHP Warning:  Division by zero in E:\aliyoyoPhp\alizhongchou\catalog\view\template\account\home.tpl on line 254
2017-06-26 11:13:51 - PHP Warning:  Division by zero in E:\aliyoyoPhp\alizhongchou\catalog\view\template\account\home.tpl on line 254
2017-06-26 11:13:51 - PHP Warning:  Division by zero in E:\aliyoyoPhp\alizhongchou\catalog\view\template\account\home.tpl on line 254
2017-06-26 11:13:51 - PHP Warning:  Division by zero in E:\aliyoyoPhp\alizhongchou\catalog\view\template\account\home.tpl on line 254
2017-06-26 11:13:51 - PHP Warning:  Division by zero in E:\aliyoyoPhp\alizhongchou\catalog\view\template\account\home.tpl on line 254
2017-06-26 11:14:23 - PHP Warning:  Division by zero in E:\aliyoyoPhp\alizhongchou\catalog\view\template\account\home.tpl on line 254
2017-06-26 11:14:23 - PHP Warning:  Division by zero in E:\aliyoyoPhp\alizhongchou\catalog\view\template\account\home.tpl on line 254
2017-06-26 11:14:23 - PHP Warning:  Division by zero in E:\aliyoyoPhp\alizhongchou\catalog\view\template\account\home.tpl on line 254
2017-06-26 11:14:23 - PHP Warning:  Division by zero in E:\aliyoyoPhp\alizhongchou\catalog\view\template\account\home.tpl on line 254
2017-06-26 11:14:23 - PHP Warning:  Division by zero in E:\aliyoyoPhp\alizhongchou\catalog\view\template\account\home.tpl on line 254
2017-06-26 11:14:23 - PHP Warning:  Division by zero in E:\aliyoyoPhp\alizhongchou\catalog\view\template\account\home.tpl on line 254
2017-06-26 11:14:23 - PHP Warning:  Division by zero in E:\aliyoyoPhp\alizhongchou\catalog\view\template\account\home.tpl on line 254
2017-06-26 11:14:23 - PHP Warning:  Division by zero in E:\aliyoyoPhp\alizhongchou\catalog\view\template\account\home.tpl on line 254
2017-06-26 11:14:23 - PHP Warning:  Division by zero in E:\aliyoyoPhp\alizhongchou\catalog\view\template\account\home.tpl on line 254
2017-06-26 11:14:23 - PHP Warning:  Division by zero in E:\aliyoyoPhp\alizhongchou\catalog\view\template\account\home.tpl on line 254
2017-06-26 11:14:23 - PHP Warning:  Division by zero in E:\aliyoyoPhp\alizhongchou\catalog\view\template\account\home.tpl on line 254
2017-06-26 11:14:23 - PHP Warning:  Division by zero in E:\aliyoyoPhp\alizhongchou\catalog\view\template\account\home.tpl on line 254
2017-06-26 11:14:23 - PHP Warning:  Division by zero in E:\aliyoyoPhp\alizhongchou\catalog\view\template\account\home.tpl on line 254
2017-06-26 11:14:23 - PHP Warning:  Division by zero in E:\aliyoyoPhp\alizhongchou\catalog\view\template\account\home.tpl on line 254
2017-06-26 11:14:23 - PHP Warning:  Division by zero in E:\aliyoyoPhp\alizhongchou\catalog\view\template\account\home.tpl on line 254
2017-06-26 11:14:23 - PHP Warning:  Division by zero in E:\aliyoyoPhp\alizhongchou\catalog\view\template\account\home.tpl on line 254
2017-06-26 11:14:23 - PHP Warning:  Division by zero in E:\aliyoyoPhp\alizhongchou\catalog\view\template\account\home.tpl on line 254
2017-06-26 11:14:23 - PHP Warning:  Division by zero in E:\aliyoyoPhp\alizhongchou\catalog\view\template\account\home.tpl on line 254
2017-06-26 11:14:23 - PHP Warning:  Division by zero in E:\aliyoyoPhp\alizhongchou\catalog\view\template\account\home.tpl on line 254
2017-06-26 11:14:23 - PHP Warning:  Division by zero in E:\aliyoyoPhp\alizhongchou\catalog\view\template\account\home.tpl on line 254
2017-06-26 11:14:23 - PHP Warning:  Division by zero in E:\aliyoyoPhp\alizhongchou\catalog\view\template\account\home.tpl on line 254
2017-06-26 11:14:23 - PHP Warning:  Division by zero in E:\aliyoyoPhp\alizhongchou\catalog\view\template\account\home.tpl on line 254
2017-06-26 11:14:23 - PHP Warning:  Division by zero in E:\aliyoyoPhp\alizhongchou\catalog\view\template\account\home.tpl on line 254
2017-06-26 11:14:23 - PHP Warning:  Division by zero in E:\aliyoyoPhp\alizhongchou\catalog\view\template\account\home.tpl on line 254
2017-06-26 11:14:23 - PHP Warning:  Division by zero in E:\aliyoyoPhp\alizhongchou\catalog\view\template\account\home.tpl on line 254
2017-06-26 11:14:23 - PHP Warning:  Division by zero in E:\aliyoyoPhp\alizhongchou\catalog\view\template\account\home.tpl on line 254
2017-06-26 11:39:46 - PHP Notice:  Undefined index: limit_backer_availability in E:\aliyoyoPhp\alizhongchou\catalog\view\template\crowdfunding\campaign.tpl on line 154
2017-06-26 11:39:55 - PHP Notice:  Undefined variable: rewards in E:\aliyoyoPhp\alizhongchou\catalog\view\template\payment\pp_standard.tpl on line 52
2017-06-26 11:39:55 - PHP Notice:  Undefined variable: rewards in E:\aliyoyoPhp\alizhongchou\catalog\view\template\payment\pp_standard.tpl on line 53
2017-06-26 12:04:26 - PHP Notice:  Undefined index: limit_backer_availability in E:\aliyoyoPhp\alizhongchou\catalog\view\template\crowdfunding\campaign.tpl on line 154
2017-06-26 12:16:40 - PHP Notice:  Undefined index: limit_backer_availability in E:\aliyoyoPhp\alizhongchou\catalog\view\template\crowdfunding\campaign.tpl on line 154
2017-06-26 12:30:33 - PHP Warning:  Division by zero in E:\aliyoyoPhp\alizhongchou\catalog\view\template\account\home.tpl on line 254
2017-06-26 12:30:33 - PHP Warning:  Division by zero in E:\aliyoyoPhp\alizhongchou\catalog\view\template\account\home.tpl on line 254
2017-06-26 12:30:33 - PHP Warning:  Division by zero in E:\aliyoyoPhp\alizhongchou\catalog\view\template\account\home.tpl on line 254
2017-06-26 12:30:33 - PHP Warning:  Division by zero in E:\aliyoyoPhp\alizhongchou\catalog\view\template\account\home.tpl on line 254
2017-06-26 12:30:33 - PHP Warning:  Division by zero in E:\aliyoyoPhp\alizhongchou\catalog\view\template\account\home.tpl on line 254
2017-06-26 12:30:33 - PHP Warning:  Division by zero in E:\aliyoyoPhp\alizhongchou\catalog\view\template\account\home.tpl on line 254
2017-06-26 12:30:33 - PHP Warning:  Division by zero in E:\aliyoyoPhp\alizhongchou\catalog\view\template\account\home.tpl on line 254
2017-06-26 12:30:33 - PHP Warning:  Division by zero in E:\aliyoyoPhp\alizhongchou\catalog\view\template\account\home.tpl on line 254
2017-06-26 12:30:33 - PHP Warning:  Division by zero in E:\aliyoyoPhp\alizhongchou\catalog\view\template\account\home.tpl on line 254
2017-06-26 12:30:33 - PHP Warning:  Division by zero in E:\aliyoyoPhp\alizhongchou\catalog\view\template\account\home.tpl on line 254
2017-06-26 12:30:33 - PHP Warning:  Division by zero in E:\aliyoyoPhp\alizhongchou\catalog\view\template\account\home.tpl on line 254
2017-06-26 12:30:33 - PHP Warning:  Division by zero in E:\aliyoyoPhp\alizhongchou\catalog\view\template\account\home.tpl on line 254
2017-06-26 12:30:33 - PHP Warning:  Division by zero in E:\aliyoyoPhp\alizhongchou\catalog\view\template\account\home.tpl on line 254
2017-06-26 12:30:33 - PHP Warning:  Division by zero in E:\aliyoyoPhp\alizhongchou\catalog\view\template\account\home.tpl on line 254
2017-06-26 12:30:33 - PHP Warning:  Division by zero in E:\aliyoyoPhp\alizhongchou\catalog\view\template\account\home.tpl on line 254
2017-06-26 12:30:33 - PHP Warning:  Division by zero in E:\aliyoyoPhp\alizhongchou\catalog\view\template\account\home.tpl on line 254
2017-06-26 12:30:33 - PHP Warning:  Division by zero in E:\aliyoyoPhp\alizhongchou\catalog\view\template\account\home.tpl on line 254
2017-06-26 12:30:33 - PHP Warning:  Division by zero in E:\aliyoyoPhp\alizhongchou\catalog\view\template\account\home.tpl on line 254
2017-06-26 12:30:33 - PHP Warning:  Division by zero in E:\aliyoyoPhp\alizhongchou\catalog\view\template\account\home.tpl on line 254
2017-06-26 12:30:33 - PHP Warning:  Division by zero in E:\aliyoyoPhp\alizhongchou\catalog\view\template\account\home.tpl on line 254
2017-06-26 12:30:33 - PHP Warning:  Division by zero in E:\aliyoyoPhp\alizhongchou\catalog\view\template\account\home.tpl on line 254
2017-06-26 12:30:33 - PHP Warning:  Division by zero in E:\aliyoyoPhp\alizhongchou\catalog\view\template\account\home.tpl on line 254
2017-06-26 12:30:33 - PHP Warning:  Division by zero in E:\aliyoyoPhp\alizhongchou\catalog\view\template\account\home.tpl on line 254
2017-06-26 12:30:33 - PHP Warning:  Division by zero in E:\aliyoyoPhp\alizhongchou\catalog\view\template\account\home.tpl on line 254
2017-06-26 12:30:33 - PHP Warning:  Division by zero in E:\aliyoyoPhp\alizhongchou\catalog\view\template\account\home.tpl on line 254
2017-06-26 12:30:33 - PHP Warning:  Division by zero in E:\aliyoyoPhp\alizhongchou\catalog\view\template\account\home.tpl on line 254
2017-06-26 12:30:36 - PHP Notice:  Undefined index: limit_backer_availability in E:\aliyoyoPhp\alizhongchou\catalog\view\template\crowdfunding\campaign.tpl on line 154
2017-06-26 12:31:20 - PHP Notice:  Undefined variable: rewards in E:\aliyoyoPhp\alizhongchou\catalog\view\template\payment\pp_standard.tpl on line 52
2017-06-26 12:31:20 - PHP Notice:  Undefined variable: rewards in E:\aliyoyoPhp\alizhongchou\catalog\view\template\payment\pp_standard.tpl on line 53
2017-06-26 12:34:33 - PHP Notice:  Undefined variable: rewards in E:\aliyoyoPhp\alizhongchou\catalog\view\template\payment\pp_standard.tpl on line 52
2017-06-26 12:34:33 - PHP Notice:  Undefined variable: rewards in E:\aliyoyoPhp\alizhongchou\catalog\view\template\payment\pp_standard.tpl on line 53
2017-06-26 15:20:24 - PHP Notice:  Undefined index: limit_backer_availability in E:\aliyoyoPhp\alizhongchou\catalog\view\template\crowdfunding\campaign.tpl on line 154
2017-06-26 15:20:35 - PHP Notice:  Undefined index: limit_backer_availability in E:\aliyoyoPhp\alizhongchou\catalog\view\template\crowdfunding\campaign.tpl on line 154
2017-06-27 18:21:58 - PHP Warning:  Division by zero in E:\aliyoyoPhp\alizhongchou\catalog\view\template\account\home.tpl on line 254
2017-06-27 18:21:58 - PHP Warning:  Division by zero in E:\aliyoyoPhp\alizhongchou\catalog\view\template\account\home.tpl on line 254
2017-06-27 18:21:58 - PHP Warning:  Division by zero in E:\aliyoyoPhp\alizhongchou\catalog\view\template\account\home.tpl on line 254
2017-06-27 18:21:58 - PHP Warning:  Division by zero in E:\aliyoyoPhp\alizhongchou\catalog\view\template\account\home.tpl on line 254
2017-06-27 18:21:58 - PHP Warning:  Division by zero in E:\aliyoyoPhp\alizhongchou\catalog\view\template\account\home.tpl on line 254
2017-06-27 18:21:58 - PHP Warning:  Division by zero in E:\aliyoyoPhp\alizhongchou\catalog\view\template\account\home.tpl on line 254
2017-06-27 18:21:58 - PHP Warning:  Division by zero in E:\aliyoyoPhp\alizhongchou\catalog\view\template\account\home.tpl on line 254
2017-06-27 18:21:58 - PHP Warning:  Division by zero in E:\aliyoyoPhp\alizhongchou\catalog\view\template\account\home.tpl on line 254
2017-06-27 18:21:58 - PHP Warning:  Division by zero in E:\aliyoyoPhp\alizhongchou\catalog\view\template\account\home.tpl on line 254
2017-06-27 18:21:58 - PHP Warning:  Division by zero in E:\aliyoyoPhp\alizhongchou\catalog\view\template\account\home.tpl on line 254
2017-06-27 18:21:58 - PHP Warning:  Division by zero in E:\aliyoyoPhp\alizhongchou\catalog\view\template\account\home.tpl on line 254
2017-06-27 18:21:58 - PHP Warning:  Division by zero in E:\aliyoyoPhp\alizhongchou\catalog\view\template\account\home.tpl on line 254
2017-06-27 18:21:58 - PHP Warning:  Division by zero in E:\aliyoyoPhp\alizhongchou\catalog\view\template\account\home.tpl on line 254
2017-06-27 18:21:58 - PHP Warning:  Division by zero in E:\aliyoyoPhp\alizhongchou\catalog\view\template\account\home.tpl on line 254
2017-06-27 18:21:58 - PHP Warning:  Division by zero in E:\aliyoyoPhp\alizhongchou\catalog\view\template\account\home.tpl on line 254
2017-06-27 18:21:58 - PHP Warning:  Division by zero in E:\aliyoyoPhp\alizhongchou\catalog\view\template\account\home.tpl on line 254
2017-06-27 18:21:58 - PHP Warning:  Division by zero in E:\aliyoyoPhp\alizhongchou\catalog\view\template\account\home.tpl on line 254
2017-06-27 18:21:58 - PHP Warning:  Division by zero in E:\aliyoyoPhp\alizhongchou\catalog\view\template\account\home.tpl on line 254
2017-06-27 18:21:58 - PHP Warning:  Division by zero in E:\aliyoyoPhp\alizhongchou\catalog\view\template\account\home.tpl on line 254
2017-06-27 18:21:58 - PHP Warning:  Division by zero in E:\aliyoyoPhp\alizhongchou\catalog\view\template\account\home.tpl on line 254
2017-06-27 18:21:58 - PHP Warning:  Division by zero in E:\aliyoyoPhp\alizhongchou\catalog\view\template\account\home.tpl on line 254
2017-06-27 18:21:58 - PHP Warning:  Division by zero in E:\aliyoyoPhp\alizhongchou\catalog\view\template\account\home.tpl on line 254
2017-06-27 18:21:58 - PHP Warning:  Division by zero in E:\aliyoyoPhp\alizhongchou\catalog\view\template\account\home.tpl on line 254
2017-06-27 18:21:58 - PHP Warning:  Division by zero in E:\aliyoyoPhp\alizhongchou\catalog\view\template\account\home.tpl on line 254
2017-06-27 18:21:58 - PHP Warning:  Division by zero in E:\aliyoyoPhp\alizhongchou\catalog\view\template\account\home.tpl on line 254
2017-06-27 18:21:58 - PHP Warning:  Division by zero in E:\aliyoyoPhp\alizhongchou\catalog\view\template\account\home.tpl on line 254
2017-06-27 18:21:58 - PHP Warning:  Division by zero in E:\aliyoyoPhp\alizhongchou\catalog\view\template\account\home.tpl on line 254
2017-06-27 18:21:58 - PHP Warning:  Division by zero in E:\aliyoyoPhp\alizhongchou\catalog\view\template\account\home.tpl on line 254
2017-06-27 18:21:58 - PHP Warning:  Division by zero in E:\aliyoyoPhp\alizhongchou\catalog\view\template\account\home.tpl on line 254
2017-06-27 18:21:58 - PHP Warning:  Division by zero in E:\aliyoyoPhp\alizhongchou\catalog\view\template\account\home.tpl on line 254
2017-06-27 18:22:02 - PHP Notice:  Undefined index: limit_backer_availability in E:\aliyoyoPhp\alizhongchou\catalog\view\template\crowdfunding\campaign.tpl on line 154
2017-06-27 18:29:52 - PHP Notice:  Undefined index: limit_backer_availability in E:\aliyoyoPhp\alizhongchou\catalog\view\template\crowdfunding\campaign.tpl on line 154
2017-07-03 16:30:57 - PHP Warning:  Illegal string offset 'percent' in E:\aliyoyoPhp\alizhongchou\catalog\view\template\module\future_home\future_home\default.tpl on line 32
2017-07-03 16:30:57 - PHP Notice:  Uninitialized string offset: 0 in E:\aliyoyoPhp\alizhongchou\catalog\view\template\module\future_home\future_home\default.tpl on line 32
2017-07-03 16:30:57 - PHP Warning:  Illegal string offset 'now_pay' in E:\aliyoyoPhp\alizhongchou\catalog\view\template\module\future_home\future_home\default.tpl on line 35
2017-07-03 16:30:57 - PHP Notice:  Uninitialized string offset: 0 in E:\aliyoyoPhp\alizhongchou\catalog\view\template\module\future_home\future_home\default.tpl on line 35
2017-07-03 16:30:57 - PHP Warning:  Illegal string offset 'left' in E:\aliyoyoPhp\alizhongchou\catalog\view\template\module\future_home\future_home\default.tpl on line 36
2017-07-03 16:30:57 - PHP Notice:  Uninitialized string offset: 0 in E:\aliyoyoPhp\alizhongchou\catalog\view\template\module\future_home\future_home\default.tpl on line 36
2017-07-03 16:44:40 - PHP Notice:  Undefined property: Cart\Customer::$isLogged in E:\aliyoyoPhp\alizhongchou\catalog\controller\project\crowdfund.php on line 64
2017-07-05 15:15:59 - PHP Warning:  Illegal string offset 'percent' in E:\aliyoyoPhp\alizhongchou\catalog\view\template\module\future_home\future_home\default.tpl on line 32
2017-07-05 15:15:59 - PHP Notice:  Uninitialized string offset: 0 in E:\aliyoyoPhp\alizhongchou\catalog\view\template\module\future_home\future_home\default.tpl on line 32
2017-07-05 15:15:59 - PHP Warning:  Illegal string offset 'now_pay' in E:\aliyoyoPhp\alizhongchou\catalog\view\template\module\future_home\future_home\default.tpl on line 35
2017-07-05 15:15:59 - PHP Notice:  Uninitialized string offset: 0 in E:\aliyoyoPhp\alizhongchou\catalog\view\template\module\future_home\future_home\default.tpl on line 35
2017-07-05 15:15:59 - PHP Warning:  Illegal string offset 'left' in E:\aliyoyoPhp\alizhongchou\catalog\view\template\module\future_home\future_home\default.tpl on line 36
2017-07-05 15:15:59 - PHP Notice:  Uninitialized string offset: 0 in E:\aliyoyoPhp\alizhongchou\catalog\view\template\module\future_home\future_home\default.tpl on line 36
2017-07-05 15:29:35 - PHP Warning:  Illegal string offset 'percent' in E:\aliyoyoPhp\alizhongchou\catalog\view\template\module\future_home\future_home\default.tpl on line 32
2017-07-05 15:29:35 - PHP Notice:  Uninitialized string offset: 0 in E:\aliyoyoPhp\alizhongchou\catalog\view\template\module\future_home\future_home\default.tpl on line 32
2017-07-05 15:29:35 - PHP Warning:  Illegal string offset 'now_pay' in E:\aliyoyoPhp\alizhongchou\catalog\view\template\module\future_home\future_home\default.tpl on line 35
2017-07-05 15:29:35 - PHP Notice:  Uninitialized string offset: 0 in E:\aliyoyoPhp\alizhongchou\catalog\view\template\module\future_home\future_home\default.tpl on line 35
2017-07-05 15:29:35 - PHP Warning:  Illegal string offset 'left' in E:\aliyoyoPhp\alizhongchou\catalog\view\template\module\future_home\future_home\default.tpl on line 36
2017-07-05 15:29:35 - PHP Notice:  Uninitialized string offset: 0 in E:\aliyoyoPhp\alizhongchou\catalog\view\template\module\future_home\future_home\default.tpl on line 36
2017-07-06 11:59:49 - PHP Warning:  Illegal string offset 'percent' in E:\aliyoyoPhp\alizhongchou\catalog\view\template\module\future_home\future_home\default.tpl on line 32
2017-07-06 11:59:49 - PHP Notice:  Uninitialized string offset: 0 in E:\aliyoyoPhp\alizhongchou\catalog\view\template\module\future_home\future_home\default.tpl on line 32
2017-07-06 11:59:49 - PHP Warning:  Illegal string offset 'now_pay' in E:\aliyoyoPhp\alizhongchou\catalog\view\template\module\future_home\future_home\default.tpl on line 35
2017-07-06 11:59:49 - PHP Notice:  Uninitialized string offset: 0 in E:\aliyoyoPhp\alizhongchou\catalog\view\template\module\future_home\future_home\default.tpl on line 35
2017-07-06 11:59:49 - PHP Warning:  Illegal string offset 'left' in E:\aliyoyoPhp\alizhongchou\catalog\view\template\module\future_home\future_home\default.tpl on line 36
2017-07-06 11:59:49 - PHP Notice:  Uninitialized string offset: 0 in E:\aliyoyoPhp\alizhongchou\catalog\view\template\module\future_home\future_home\default.tpl on line 36
